<?xml version="1.0" encoding="UTF-8"?>
<testsuite name="game.VentSystemTest" tests="1" skipped="0" failures="0" errors="0" timestamp="2025-08-12T12:14:01" hostname="devbox" time="0.0">
  <properties/>
  <testcase name="testPlaceholder()" classname="game.VentSystemTest" time="0.0"/>
  <system-out><![CDATA[]]></system-out>
  <system-err><![CDATA[]]></system-err>
</testsuite>
