<?xml version="1.0" encoding="UTF-8"?>
<testsuite name="game.FovTest" tests="2" skipped="0" failures="0" errors="0" timestamp="2025-08-12T13:17:35" hostname="devbox" time="0.008">
  <properties/>
  <testcase name="testPeekRevealsRay()" classname="game.FovTest" time="0.006"/>
  <testcase name="testFovBlocking()" classname="game.FovTest" time="0.001"/>
  <system-out><![CDATA[]]></system-out>
  <system-err><![CDATA[]]></system-err>
</testsuite>
