<?xml version="1.0" encoding="UTF-8"?>
<testsuite name="game.VentSystemTest" tests="1" skipped="0" failures="0" errors="0" timestamp="2025-08-09T20:07:36" hostname="devbox" time="0.001">
  <properties/>
  <testcase name="testPlaceholder()" classname="game.VentSystemTest" time="0.001"/>
  <system-out><![CDATA[]]></system-out>
  <system-err><![CDATA[]]></system-err>
</testsuite>
