<?xml version="1.0" encoding="UTF-8"?>
<testsuite name="game.CombatSystemTest" tests="5" skipped="0" failures="0" errors="0" timestamp="2025-08-12T13:34:55" hostname="devbox" time="0.024">
  <properties/>
  <testcase name="testCombatGuaranteedHit()" classname="game.CombatSystemTest" time="0.004"/>
  <testcase name="testCombatGuaranteedMiss()" classname="game.CombatSystemTest" time="0.002"/>
  <testcase name="testEntityDiesAndIsRemoved()" classname="game.CombatSystemTest" time="0.008"/>
  <testcase name="testTurretLoSBlocked()" classname="game.CombatSystemTest" time="0.001"/>
  <testcase name="testTurretSeesPlayerAndAttacks()" classname="game.CombatSystemTest" time="0.002"/>
  <system-out><![CDATA[]]></system-out>
  <system-err><![CDATA[]]></system-err>
</testsuite>
