<?xml version="1.0" encoding="UTF-8"?>
<testsuite name="game.FovTest" tests="2" skipped="0" failures="0" errors="0" timestamp="2025-08-12T12:58:15" hostname="devbox" time="0.029">
  <properties/>
  <testcase name="testPeekRevealsRay()" classname="game.FovTest" time="0.025"/>
  <testcase name="testFovBlocking()" classname="game.FovTest" time="0.002"/>
  <system-out><![CDATA[]]></system-out>
  <system-err><![CDATA[]]></system-err>
</testsuite>
