<?xml version="1.0" encoding="UTF-8"?>
<testsuite name="game.FovTest" tests="2" skipped="0" failures="0" errors="0" timestamp="2025-08-12T12:14:01" hostname="devbox" time="0.012">
  <properties/>
  <testcase name="testPeekRevealsRay()" classname="game.FovTest" time="0.008"/>
  <testcase name="testFovBlocking()" classname="game.FovTest" time="0.003"/>
  <system-out><![CDATA[]]></system-out>
  <system-err><![CDATA[]]></system-err>
</testsuite>
