<?xml version="1.0" encoding="UTF-8"?>
<testsuite name="game.InteractionTest" tests="1" skipped="0" failures="0" errors="0" timestamp="2025-08-12T13:17:35" hostname="devbox" time="0.004">
  <properties/>
  <testcase name="testPlaceholder()" classname="game.InteractionTest" time="0.004"/>
  <system-out><![CDATA[]]></system-out>
  <system-err><![CDATA[]]></system-err>
</testsuite>
