<?xml version="1.0" encoding="UTF-8"?>
<testsuite name="game.MapGeneratorTest" tests="10" skipped="0" failures="0" errors="0" timestamp="2025-08-12T12:28:44" hostname="devbox" time="0.102">
  <properties/>
  <testcase name="repetition 1 of 10" classname="game.MapGeneratorTest" time="0.048"/>
  <testcase name="repetition 2 of 10" classname="game.MapGeneratorTest" time="0.005"/>
  <testcase name="repetition 3 of 10" classname="game.MapGeneratorTest" time="0.002"/>
  <testcase name="repetition 4 of 10" classname="game.MapGeneratorTest" time="0.005"/>
  <testcase name="repetition 5 of 10" classname="game.MapGeneratorTest" time="0.003"/>
  <testcase name="repetition 6 of 10" classname="game.MapGeneratorTest" time="0.003"/>
  <testcase name="repetition 7 of 10" classname="game.MapGeneratorTest" time="0.004"/>
  <testcase name="repetition 8 of 10" classname="game.MapGeneratorTest" time="0.003"/>
  <testcase name="repetition 9 of 10" classname="game.MapGeneratorTest" time="0.003"/>
  <testcase name="repetition 10 of 10" classname="game.MapGeneratorTest" time="0.004"/>
  <system-out><![CDATA[]]></system-out>
  <system-err><![CDATA[]]></system-err>
</testsuite>
